INFO:root:Trying to connect ...
INFO:root:Server running ....
INFO:root:127.0.0.1: 36990 connected
INFO:root:User List ------- Pass List

INFO:root:User List ------- Pass List

INFO:root:127.0.0.1: 36992 connected
INFO:root: There are no Users
INFO:root: There are no Users
INFO:root: There are Users
INFO:root:User lucas Logged In
INFO:root: New User logged in: lucas

INFO:root: There are Users
INFO:root: There are Users
INFO:root: There are Users
INFO:root:User skira Logged In
INFO:root: New User logged in: skira

DEBUG:root:CREATE

INFO:root: There are no rooms
INFO:root:LIST OF ROOMS

INFO:root:ROOM NAME: lala

INFO:root:	User: lucas

DEBUG:root:ENTER

DEBUG:root:False  lala
INFO:root:LIST OF ROOMS

INFO:root:ROOM NAME: lala

INFO:root:	User: lucas

INFO:root:	User: skira

DEBUG:root:COND SEND FILES

INFO:root:FileName got: [TD_work.pdf]
INFO:root:File opened
INFO:root:receiving data...
DEBUG:root:Cancel
INFO:root:File doesn't exist...

DEBUG:root:$cancel File Sending
DEBUG:root:COND SEND FILES

INFO:root:FileName got: [TD_work.pdf]
INFO:root:File opened
INFO:root:receiving data...
INFO:root:receiving data...
INFO:root:receiving data...
INFO:root:receiving data...
INFO:root:receiving data...
INFO:root:receiving data...
INFO:root:receiving data...
INFO:root:receiving data...
INFO:root:receiving data...
INFO:root:receiving data...
INFO:root:receiving data...
INFO:root:receiving data...
INFO:root:receiving data...
INFO:root:receiving data...
INFO:root:receiving data...
INFO:root:receiving data...
INFO:root:receiving data...
INFO:root:receiving data...
INFO:root:receiving data...
INFO:root:receiving data...
INFO:root:receiving data...
INFO:root:receiving data...
INFO:root:receiving data...
INFO:root:receiving data...
INFO:root:receiving data...
INFO:root:receiving data...
DEBUG:root:$endFile
INFO:root:Got File
INFO:root:Sending b'!TD_work.pdf'

INFO:root: Server: Sending FileName [TD_work.pdf]
INFO:root:Done sending
DEBUG:root:COND SEND FILES

INFO:root:FileName got: [TD_work.pdf]
INFO:root:File opened
INFO:root:receiving data...
INFO:root:receiving data...
INFO:root:receiving data...
INFO:root:receiving data...
INFO:root:receiving data...
INFO:root:receiving data...
INFO:root:receiving data...
INFO:root:receiving data...
INFO:root:receiving data...
INFO:root:receiving data...
INFO:root:receiving data...
INFO:root:receiving data...
INFO:root:receiving data...
INFO:root:receiving data...
INFO:root:receiving data...
INFO:root:receiving data...
INFO:root:receiving data...
INFO:root:receiving data...
INFO:root:receiving data...
INFO:root:receiving data...
INFO:root:receiving data...
INFO:root:receiving data...
INFO:root:receiving data...
INFO:root:receiving data...
INFO:root:receiving data...
DEBUG:root:$endFile
INFO:root:Got File
INFO:root:Sending b'!TD_work.pdf'

INFO:root: Server: Sending FileName [TD_work.pdf]
INFO:root:Done sending
INFO:root:User Disconnected
INFO:root:127.0.0.1: 36990 disconnected
INFO:root:User Disconnected
INFO:root:Server shutting down...
INFO:root:Trying to connect ...
INFO:root:Server running ....
INFO:root:127.0.0.1: 37016 connected
INFO:root:User List ------- Pass List

INFO:root:127.0.0.1: 37020 connected
INFO:root:User List ------- Pass List

INFO:root: There are no Users
INFO:root: There are no Users
INFO:root: There are Users
INFO:root: There are Users
INFO:root: There are Users
INFO:root:User skira Logged In
INFO:root: New User logged in: skira

INFO:root: There are Users
INFO:root:User lucas Logged In
INFO:root: New User logged in: lucas

DEBUG:root:CREATE

INFO:root: There are no rooms
INFO:root:LIST OF ROOMS

INFO:root:ROOM NAME: lala

INFO:root:	User: lucas

DEBUG:root:ENTER

DEBUG:root:False  lala
INFO:root:LIST OF ROOMS

INFO:root:ROOM NAME: lala

INFO:root:	User: lucas

INFO:root:	User: skira

DEBUG:root:COND SEND FILES

INFO:root:FileName got: [TD_work.pdf]
INFO:root:File opened
INFO:root:receiving data...
INFO:root:receiving data...
INFO:root:receiving data...
INFO:root:receiving data...
INFO:root:receiving data...
INFO:root:receiving data...
INFO:root:receiving data...
INFO:root:receiving data...
INFO:root:receiving data...
INFO:root:receiving data...
INFO:root:receiving data...
INFO:root:receiving data...
INFO:root:receiving data...
INFO:root:receiving data...
INFO:root:receiving data...
INFO:root:receiving data...
INFO:root:receiving data...
INFO:root:receiving data...
INFO:root:receiving data...
INFO:root:receiving data...
INFO:root:receiving data...
INFO:root:receiving data...
INFO:root:receiving data...
INFO:root:receiving data...
INFO:root:receiving data...
DEBUG:root:$endFile
INFO:root:Got File
INFO:root:Sending b'!TD_work.pdf'

INFO:root: Server: Sending FileName [TD_work.pdf]
INFO:root:Done sending
